<?xml version="1.0" encoding="UTF-8"?>
<coverage generated="1701320472858" clover="3.2.0">
  <project timestamp="1701320472859" name="All files">
    <metrics statements="103" coveredstatements="92" conditionals="0" coveredconditionals="0" methods="25" coveredmethods="18" elements="128" coveredelements="110" complexity="0" loc="103" ncloc="103" packages="1" files="3" classes="3"/>
    <file name="BasicRequestClient.ts" path="/home/runner/work/zkOracle-OCO/zkOracle-OCO/oracles/erc677-operator/contracts/src/BasicRequestClient.ts">
      <metrics statements="12" coveredstatements="10" conditionals="0" coveredconditionals="0" methods="4" coveredmethods="3"/>
      <line num="33" count="6" type="stmt"/>
      <line num="39" count="1" type="stmt"/>
      <line num="40" count="4" type="stmt"/>
      <line num="41" count="4" type="stmt"/>
      <line num="42" count="4" type="stmt"/>
      <line num="43" count="4" type="stmt"/>
      <line num="44" count="4" type="stmt"/>
      <line num="45" count="4" type="stmt"/>
      <line num="49" count="4" type="stmt"/>
      <line num="60" count="4" type="stmt"/>
      <line num="69" count="0" type="stmt"/>
      <line num="70" count="0" type="stmt"/>
    </file>
    <file name="Erc677Contract.ts" path="/home/runner/work/zkOracle-OCO/zkOracle-OCO/oracles/erc677-operator/contracts/src/Erc677Contract.ts">
      <metrics statements="79" coveredstatements="70" conditionals="0" coveredconditionals="0" methods="18" coveredmethods="12"/>
      <line num="47" count="105" type="stmt"/>
      <line num="48" count="105" type="stmt"/>
      <line num="54" count="2" type="stmt"/>
      <line num="55" count="24" type="stmt"/>
      <line num="56" count="24" type="stmt"/>
      <line num="57" count="24" type="stmt"/>
      <line num="58" count="24" type="stmt"/>
      <line num="59" count="24" type="stmt"/>
      <line num="60" count="24" type="stmt"/>
      <line num="64" count="44" type="stmt"/>
      <line num="67" count="44" type="stmt"/>
      <line num="68" count="44" type="stmt"/>
      <line num="73" count="44" type="stmt"/>
      <line num="75" count="44" type="stmt"/>
      <line num="77" count="44" type="stmt"/>
      <line num="84" count="44" type="stmt"/>
      <line num="92" count="2" type="stmt"/>
      <line num="93" count="37" type="stmt"/>
      <line num="94" count="37" type="stmt"/>
      <line num="95" count="37" type="stmt"/>
      <line num="96" count="37" type="stmt"/>
      <line num="100" count="36" type="stmt"/>
      <line num="104" count="36" type="stmt"/>
      <line num="107" count="2" type="stmt"/>
      <line num="108" count="15" type="stmt"/>
      <line num="109" count="15" type="stmt"/>
      <line num="110" count="15" type="stmt"/>
      <line num="111" count="15" type="stmt"/>
      <line num="115" count="15" type="stmt"/>
      <line num="119" count="15" type="stmt"/>
      <line num="122" count="2" type="stmt"/>
      <line num="128" count="13" type="stmt"/>
      <line num="129" count="13" type="stmt"/>
      <line num="130" count="13" type="stmt"/>
      <line num="133" count="13" type="stmt"/>
      <line num="134" count="13" type="stmt"/>
      <line num="135" count="13" type="stmt"/>
      <line num="136" count="13" type="stmt"/>
      <line num="137" count="12" type="stmt"/>
      <line num="142" count="12" type="stmt"/>
      <line num="145" count="2" type="stmt"/>
      <line num="153" count="8" type="stmt"/>
      <line num="155" count="8" type="stmt"/>
      <line num="156" count="8" type="stmt"/>
      <line num="157" count="8" type="stmt"/>
      <line num="158" count="8" type="stmt"/>
      <line num="159" count="8" type="stmt"/>
      <line num="161" count="8" type="stmt"/>
      <line num="162" count="8" type="stmt"/>
      <line num="163" count="8" type="stmt"/>
      <line num="164" count="8" type="stmt"/>
      <line num="170" count="2" type="stmt"/>
      <line num="171" count="8" type="stmt"/>
      <line num="172" count="8" type="stmt"/>
      <line num="177" count="0" type="stmt"/>
      <line num="180" count="0" type="stmt"/>
      <line num="183" count="0" type="stmt"/>
      <line num="186" count="0" type="stmt"/>
      <line num="189" count="0" type="stmt"/>
      <line num="190" count="0" type="stmt"/>
      <line num="191" count="0" type="stmt"/>
      <line num="192" count="0" type="stmt"/>
      <line num="196" count="0" type="stmt"/>
      <line num="199" count="2" type="stmt"/>
      <line num="200" count="10" type="stmt"/>
      <line num="201" count="10" type="stmt"/>
      <line num="203" count="10" type="stmt"/>
      <line num="207" count="10" type="stmt"/>
      <line num="210" count="2" type="stmt"/>
      <line num="211" count="12" type="stmt"/>
      <line num="212" count="12" type="stmt"/>
      <line num="214" count="12" type="stmt"/>
      <line num="216" count="2" type="stmt"/>
      <line num="217" count="8" type="stmt"/>
      <line num="218" count="8" type="stmt"/>
      <line num="220" count="8" type="stmt"/>
      <line num="222" count="2" type="stmt"/>
      <line num="224" count="8" type="stmt"/>
      <line num="227" count="105" type="stmt"/>
    </file>
    <file name="OracleContract.ts" path="/home/runner/work/zkOracle-OCO/zkOracle-OCO/oracles/erc677-operator/contracts/src/OracleContract.ts">
      <metrics statements="12" coveredstatements="12" conditionals="0" coveredconditionals="0" methods="3" coveredmethods="3"/>
      <line num="35" count="3" type="stmt"/>
      <line num="36" count="7" type="stmt"/>
      <line num="37" count="7" type="stmt"/>
      <line num="38" count="7" type="stmt"/>
      <line num="39" count="7" type="stmt"/>
      <line num="40" count="7" type="stmt"/>
      <line num="41" count="7" type="stmt"/>
      <line num="45" count="4" type="stmt"/>
      <line num="48" count="4" type="stmt"/>
      <line num="56" count="4" type="stmt"/>
      <line num="64" count="3" type="stmt"/>
      <line num="67" count="7" type="stmt"/>
    </file>
  </project>
</coverage>
