{"total": {"lines":{"total":103,"covered":92,"skipped":0,"pct":89.32},"statements":{"total":105,"covered":94,"skipped":0,"pct":89.52},"functions":{"total":25,"covered":18,"skipped":0,"pct":72},"branches":{"total":0,"covered":0,"skipped":0,"pct":100},"branchesTrue":{"total":0,"covered":0,"skipped":0,"pct":"Unknown"}}
,"/home/runner/work/zkOracle-OCO/zkOracle-OCO/oracles/erc677-operator/contracts/src/BasicRequestClient.ts": {"lines":{"total":12,"covered":10,"skipped":0,"pct":83.33},"functions":{"total":4,"covered":3,"skipped":0,"pct":75},"statements":{"total":13,"covered":11,"skipped":0,"pct":84.61},"branches":{"total":0,"covered":0,"skipped":0,"pct":100}}
,"/home/runner/work/zkOracle-OCO/zkOracle-OCO/oracles/erc677-operator/contracts/src/Erc677Contract.ts": {"lines":{"total":79,"covered":70,"skipped":0,"pct":88.6},"functions":{"total":18,"covered":12,"skipped":0,"pct":66.66},"statements":{"total":80,"covered":71,"skipped":0,"pct":88.75},"branches":{"total":0,"covered":0,"skipped":0,"pct":100}}
,"/home/runner/work/zkOracle-OCO/zkOracle-OCO/oracles/erc677-operator/contracts/src/OracleContract.ts": {"lines":{"total":12,"covered":12,"skipped":0,"pct":100},"functions":{"total":3,"covered":3,"skipped":0,"pct":100},"statements":{"total":12,"covered":12,"skipped":0,"pct":100},"branches":{"total":0,"covered":0,"skipped":0,"pct":100}}
}
