{"/home/runner/work/zkOracle-OCO/zkOracle-OCO/oracles/erc677-operator/contracts/src/BasicRequestClient.ts": {"path":"/home/runner/work/zkOracle-OCO/zkOracle-OCO/oracles/erc677-operator/contracts/src/BasicRequestClient.ts","statementMap":{"0":{"start":{"line":33,"column":20},"end":{"line":33,"column":55}},"1":{"start":{"line":40,"column":18},"end":{"line":40,"column":31}},"2":{"start":{"line":41,"column":16},"end":{"line":41,"column":68}},"3":{"start":{"line":42,"column":4},"end":{"line":42,"column":24}},"4":{"start":{"line":43,"column":4},"end":{"line":43,"column":57}},"5":{"start":{"line":44,"column":4},"end":{"line":44,"column":55}},"6":{"start":{"line":45,"column":4},"end":{"line":45,"column":29}},"7":{"start":{"line":49,"column":6},"end":{"line":49,"column":19}},"8":{"start":{"line":60,"column":6},"end":{"line":65,"column":9}},"9":{"start":{"line":69,"column":4},"end":{"line":69,"column":36}},"10":{"start":{"line":70,"column":4},"end":{"line":70,"column":22}},"11":{"start":{"line":33,"column":2},"end":{"line":33,"column":null}},"12":{"start":{"line":39,"column":2},"end":{"line":46,"column":null}}},"fnMap":{"0":{"name":"(anonymous_2)","decl":{"start":{"line":31,"column":0},"end":{"line":31,"column":6}},"loc":{"start":{"line":31,"column":0},"end":{"line":73,"column":1}}},"1":{"name":"(anonymous_3)","decl":{"start":{"line":39,"column":10},"end":{"line":39,"column":21}},"loc":{"start":{"line":39,"column":74},"end":{"line":46,"column":3}}},"2":{"name":"(anonymous_4)","decl":{"start":{"line":48,"column":2},"end":{"line":48,"column":6}},"loc":{"start":{"line":48,"column":6},"end":{"line":66,"column":3}}},"3":{"name":"(anonymous_5)","decl":{"start":{"line":68,"column":2},"end":{"line":68,"column":19}},"loc":{"start":{"line":68,"column":38},"end":{"line":71,"column":3}}}},"branchMap":{},"s":{"0":6,"1":4,"2":4,"3":4,"4":4,"5":4,"6":4,"7":4,"8":4,"9":0,"10":0,"11":1,"12":1},"f":{"0":6,"1":4,"2":4,"3":0},"b":{}}
,"/home/runner/work/zkOracle-OCO/zkOracle-OCO/oracles/erc677-operator/contracts/src/Erc677Contract.ts": {"path":"/home/runner/work/zkOracle-OCO/zkOracle-OCO/oracles/erc677-operator/contracts/src/Erc677Contract.ts","statementMap":{"0":{"start":{"line":47,"column":2},"end":{"line":47,"column":35}},"1":{"start":{"line":48,"column":17},"end":{"line":48,"column":60}},"2":{"start":{"line":227,"column":2},"end":{"line":244,"column":4}},"3":{"start":{"line":55,"column":18},"end":{"line":55,"column":31}},"4":{"start":{"line":56,"column":16},"end":{"line":56,"column":68}},"5":{"start":{"line":57,"column":4},"end":{"line":57,"column":24}},"6":{"start":{"line":58,"column":4},"end":{"line":58,"column":57}},"7":{"start":{"line":59,"column":4},"end":{"line":59,"column":55}},"8":{"start":{"line":60,"column":4},"end":{"line":60,"column":29}},"9":{"start":{"line":64,"column":6},"end":{"line":64,"column":19}},"10":{"start":{"line":67,"column":20},"end":{"line":67,"column":32}},"11":{"start":{"line":68,"column":21},"end":{"line":71,"column":8}},"12":{"start":{"line":73,"column":6},"end":{"line":73,"column":54}},"13":{"start":{"line":75,"column":6},"end":{"line":75,"column":57}},"14":{"start":{"line":77,"column":6},"end":{"line":77,"column":70}},"15":{"start":{"line":84,"column":6},"end":{"line":89,"column":9}},"16":{"start":{"line":93,"column":37},"end":{"line":93,"column":72}},"17":{"start":{"line":94,"column":6},"end":{"line":94,"column":75}},"18":{"start":{"line":95,"column":40},"end":{"line":95,"column":76}},"19":{"start":{"line":96,"column":6},"end":{"line":99,"column":12}},"20":{"start":{"line":100,"column":6},"end":{"line":103,"column":9}},"21":{"start":{"line":104,"column":6},"end":{"line":104,"column":69}},"22":{"start":{"line":108,"column":37},"end":{"line":108,"column":72}},"23":{"start":{"line":109,"column":6},"end":{"line":109,"column":75}},"24":{"start":{"line":110,"column":40},"end":{"line":110,"column":76}},"25":{"start":{"line":111,"column":6},"end":{"line":114,"column":12}},"26":{"start":{"line":115,"column":6},"end":{"line":118,"column":9}},"27":{"start":{"line":119,"column":6},"end":{"line":119,"column":69}},"28":{"start":{"line":128,"column":19},"end":{"line":128,"column":50}},"29":{"start":{"line":129,"column":32},"end":{"line":129,"column":62}},"30":{"start":{"line":130,"column":27},"end":{"line":131,"column":null}},"31":{"start":{"line":133,"column":6},"end":{"line":133,"column":60}},"32":{"start":{"line":134,"column":20},"end":{"line":134,"column":33}},"33":{"start":{"line":135,"column":6},"end":{"line":135,"column":61}},"34":{"start":{"line":136,"column":6},"end":{"line":136,"column":69}},"35":{"start":{"line":137,"column":34},"end":{"line":140,"column":null}},"36":{"start":{"line":142,"column":6},"end":{"line":142,"column":55}},"37":{"start":{"line":153,"column":23},"end":{"line":153,"column":77}},"38":{"start":{"line":155,"column":27},"end":{"line":155,"column":74}},"39":{"start":{"line":156,"column":6},"end":{"line":156,"column":59}},"40":{"start":{"line":157,"column":20},"end":{"line":157,"column":33}},"41":{"start":{"line":158,"column":6},"end":{"line":158,"column":52}},"42":{"start":{"line":159,"column":6},"end":{"line":159,"column":51}},"43":{"start":{"line":161,"column":21},"end":{"line":161,"column":54}},"44":{"start":{"line":162,"column":6},"end":{"line":162,"column":41}},"45":{"start":{"line":163,"column":6},"end":{"line":163,"column":54}},"46":{"start":{"line":164,"column":6},"end":{"line":164,"column":24}},"47":{"start":{"line":171,"column":24},"end":{"line":171,"column":79}},"48":{"start":{"line":172,"column":6},"end":{"line":172,"column":81}},"49":{"start":{"line":177,"column":6},"end":{"line":177,"column":50}},"50":{"start":{"line":180,"column":6},"end":{"line":180,"column":45}},"51":{"start":{"line":183,"column":6},"end":{"line":183,"column":22}},"52":{"start":{"line":186,"column":6},"end":{"line":186,"column":25}},"53":{"start":{"line":189,"column":20},"end":{"line":189,"column":49}},"54":{"start":{"line":190,"column":20},"end":{"line":190,"column":41}},"55":{"start":{"line":191,"column":6},"end":{"line":191,"column":44}},"56":{"start":{"line":192,"column":6},"end":{"line":192,"column":21}},"57":{"start":{"line":196,"column":6},"end":{"line":196,"column":25}},"58":{"start":{"line":200,"column":6},"end":{"line":200,"column":64}},"59":{"start":{"line":201,"column":6},"end":{"line":201,"column":80}},"60":{"start":{"line":203,"column":29},"end":{"line":203,"column":51}},"61":{"start":{"line":207,"column":6},"end":{"line":207,"column":24}},"62":{"start":{"line":211,"column":6},"end":{"line":211,"column":64}},"63":{"start":{"line":212,"column":6},"end":{"line":212,"column":67}},"64":{"start":{"line":214,"column":6},"end":{"line":214,"column":24}},"65":{"start":{"line":217,"column":6},"end":{"line":217,"column":51}},"66":{"start":{"line":218,"column":6},"end":{"line":218,"column":54}},"67":{"start":{"line":220,"column":6},"end":{"line":220,"column":24}},"68":{"start":{"line":224,"column":6},"end":{"line":224,"column":25}},"69":{"start":{"line":48,"column":2},"end":{"line":48,"column":null}},"70":{"start":{"line":54,"column":2},"end":{"line":61,"column":null}},"71":{"start":{"line":92,"column":2},"end":{"line":105,"column":null}},"72":{"start":{"line":107,"column":2},"end":{"line":120,"column":null}},"73":{"start":{"line":122,"column":2},"end":{"line":143,"column":null}},"74":{"start":{"line":145,"column":2},"end":{"line":165,"column":null}},"75":{"start":{"line":170,"column":2},"end":{"line":173,"column":null}},"76":{"start":{"line":199,"column":2},"end":{"line":208,"column":null}},"77":{"start":{"line":210,"column":2},"end":{"line":215,"column":null}},"78":{"start":{"line":216,"column":2},"end":{"line":221,"column":null}},"79":{"start":{"line":222,"column":2},"end":{"line":225,"column":null}}},"fnMap":{"0":{"name":"(anonymous_2)","decl":{"start":{"line":45,"column":0},"end":{"line":45,"column":6}},"loc":{"start":{"line":45,"column":0},"end":{"line":246,"column":1}}},"1":{"name":"(anonymous_3)","decl":{"start":{"line":54,"column":10},"end":{"line":54,"column":21}},"loc":{"start":{"line":54,"column":74},"end":{"line":61,"column":3}}},"2":{"name":"(anonymous_4)","decl":{"start":{"line":63,"column":2},"end":{"line":63,"column":6}},"loc":{"start":{"line":63,"column":6},"end":{"line":90,"column":3}}},"3":{"name":"(anonymous_5)","decl":{"start":{"line":92,"column":10},"end":{"line":92,"column":14}},"loc":{"start":{"line":92,"column":57},"end":{"line":105,"column":3}}},"4":{"name":"(anonymous_6)","decl":{"start":{"line":107,"column":10},"end":{"line":107,"column":14}},"loc":{"start":{"line":107,"column":57},"end":{"line":120,"column":3}}},"5":{"name":"(anonymous_7)","decl":{"start":{"line":122,"column":10},"end":{"line":122,"column":33}},"loc":{"start":{"line":126,"column":42},"end":{"line":143,"column":3}}},"6":{"name":"(anonymous_8)","decl":{"start":{"line":145,"column":10},"end":{"line":145,"column":27}},"loc":{"start":{"line":149,"column":41},"end":{"line":165,"column":3}}},"7":{"name":"(anonymous_9)","decl":{"start":{"line":170,"column":10},"end":{"line":170,"column":22}},"loc":{"start":{"line":170,"column":59},"end":{"line":173,"column":3}}},"8":{"name":"(anonymous_10)","decl":{"start":{"line":176,"column":2},"end":{"line":176,"column":6}},"loc":{"start":{"line":176,"column":6},"end":{"line":178,"column":3}}},"9":{"name":"(anonymous_11)","decl":{"start":{"line":179,"column":2},"end":{"line":179,"column":8}},"loc":{"start":{"line":179,"column":8},"end":{"line":181,"column":3}}},"10":{"name":"(anonymous_12)","decl":{"start":{"line":182,"column":2},"end":{"line":182,"column":10}},"loc":{"start":{"line":182,"column":10},"end":{"line":184,"column":3}}},"11":{"name":"(anonymous_13)","decl":{"start":{"line":185,"column":2},"end":{"line":185,"column":13}},"loc":{"start":{"line":185,"column":13},"end":{"line":187,"column":3}}},"12":{"name":"(anonymous_14)","decl":{"start":{"line":188,"column":2},"end":{"line":188,"column":11}},"loc":{"start":{"line":188,"column":28},"end":{"line":193,"column":3}}},"13":{"name":"(anonymous_15)","decl":{"start":{"line":194,"column":2},"end":{"line":194,"column":11}},"loc":{"start":{"line":194,"column":48},"end":{"line":197,"column":3}}},"14":{"name":"(anonymous_16)","decl":{"start":{"line":199,"column":10},"end":{"line":199,"column":25}},"loc":{"start":{"line":199,"column":75},"end":{"line":208,"column":3}}},"15":{"name":"(anonymous_17)","decl":{"start":{"line":210,"column":10},"end":{"line":210,"column":18}},"loc":{"start":{"line":210,"column":47},"end":{"line":215,"column":3}}},"16":{"name":"(anonymous_18)","decl":{"start":{"line":216,"column":10},"end":{"line":216,"column":22}},"loc":{"start":{"line":216,"column":68},"end":{"line":221,"column":3}}},"17":{"name":"(anonymous_19)","decl":{"start":{"line":222,"column":10},"end":{"line":222,"column":22}},"loc":{"start":{"line":222,"column":56},"end":{"line":225,"column":3}}}},"branchMap":{},"s":{"0":105,"1":105,"2":105,"3":24,"4":24,"5":24,"6":24,"7":24,"8":24,"9":44,"10":44,"11":44,"12":44,"13":44,"14":44,"15":44,"16":37,"17":37,"18":37,"19":37,"20":36,"21":36,"22":15,"23":15,"24":15,"25":15,"26":15,"27":15,"28":13,"29":13,"30":13,"31":13,"32":13,"33":13,"34":13,"35":12,"36":12,"37":8,"38":8,"39":8,"40":8,"41":8,"42":8,"43":8,"44":8,"45":8,"46":8,"47":8,"48":8,"49":0,"50":0,"51":0,"52":0,"53":0,"54":0,"55":0,"56":0,"57":0,"58":10,"59":10,"60":10,"61":10,"62":12,"63":12,"64":12,"65":8,"66":8,"67":8,"68":8,"69":2,"70":2,"71":2,"72":2,"73":2,"74":2,"75":2,"76":2,"77":2,"78":2,"79":2},"f":{"0":105,"1":24,"2":44,"3":37,"4":15,"5":13,"6":8,"7":8,"8":0,"9":0,"10":0,"11":0,"12":0,"13":0,"14":10,"15":12,"16":8,"17":8},"b":{}}
,"/home/runner/work/zkOracle-OCO/zkOracle-OCO/oracles/erc677-operator/contracts/src/OracleContract.ts": {"path":"/home/runner/work/zkOracle-OCO/zkOracle-OCO/oracles/erc677-operator/contracts/src/OracleContract.ts","statementMap":{"0":{"start":{"line":36,"column":18},"end":{"line":36,"column":31}},"1":{"start":{"line":37,"column":16},"end":{"line":37,"column":68}},"2":{"start":{"line":38,"column":4},"end":{"line":38,"column":24}},"3":{"start":{"line":39,"column":4},"end":{"line":39,"column":57}},"4":{"start":{"line":40,"column":4},"end":{"line":40,"column":55}},"5":{"start":{"line":41,"column":4},"end":{"line":41,"column":29}},"6":{"start":{"line":45,"column":6},"end":{"line":45,"column":19}},"7":{"start":{"line":48,"column":20},"end":{"line":48,"column":32}},"8":{"start":{"line":56,"column":6},"end":{"line":61,"column":9}},"9":{"start":{"line":67,"column":8},"end":{"line":67,"column":26}},"10":{"start":{"line":35,"column":2},"end":{"line":42,"column":null}},"11":{"start":{"line":64,"column":4},"end":{"line":68,"column":null}}},"fnMap":{"0":{"name":"(anonymous_2)","decl":{"start":{"line":35,"column":10},"end":{"line":35,"column":21}},"loc":{"start":{"line":35,"column":74},"end":{"line":42,"column":3}}},"1":{"name":"(anonymous_3)","decl":{"start":{"line":44,"column":2},"end":{"line":44,"column":6}},"loc":{"start":{"line":44,"column":6},"end":{"line":62,"column":3}}},"2":{"name":"(anonymous_4)","decl":{"start":{"line":64,"column":12},"end":{"line":64,"column":27}},"loc":{"start":{"line":64,"column":81},"end":{"line":68,"column":5}}}},"branchMap":{},"s":{"0":7,"1":7,"2":7,"3":7,"4":7,"5":7,"6":4,"7":4,"8":4,"9":7,"10":3,"11":3},"f":{"0":7,"1":4,"2":7},"b":{}}
}
