TN:
SF:src/BasicRequestClient.ts
FN:31,(anonymous_2)
FN:39,(anonymous_3)
FN:48,(anonymous_4)
FN:68,(anonymous_5)
FNF:4
FNH:3
FNDA:6,(anonymous_2)
FNDA:4,(anonymous_3)
FNDA:4,(anonymous_4)
FNDA:0,(anonymous_5)
DA:33,6
DA:39,1
DA:40,4
DA:41,4
DA:42,4
DA:43,4
DA:44,4
DA:45,4
DA:49,4
DA:60,4
DA:69,0
DA:70,0
LF:12
LH:10
BRF:0
BRH:0
end_of_record
TN:
SF:src/Erc677Contract.ts
FN:45,(anonymous_2)
FN:54,(anonymous_3)
FN:63,(anonymous_4)
FN:92,(anonymous_5)
FN:107,(anonymous_6)
FN:122,(anonymous_7)
FN:145,(anonymous_8)
FN:170,(anonymous_9)
FN:176,(anonymous_10)
FN:179,(anonymous_11)
FN:182,(anonymous_12)
FN:185,(anonymous_13)
FN:188,(anonymous_14)
FN:194,(anonymous_15)
FN:199,(anonymous_16)
FN:210,(anonymous_17)
FN:216,(anonymous_18)
FN:222,(anonymous_19)
FNF:18
FNH:12
FNDA:105,(anonymous_2)
FNDA:24,(anonymous_3)
FNDA:44,(anonymous_4)
FNDA:37,(anonymous_5)
FNDA:15,(anonymous_6)
FNDA:13,(anonymous_7)
FNDA:8,(anonymous_8)
FNDA:8,(anonymous_9)
FNDA:0,(anonymous_10)
FNDA:0,(anonymous_11)
FNDA:0,(anonymous_12)
FNDA:0,(anonymous_13)
FNDA:0,(anonymous_14)
FNDA:0,(anonymous_15)
FNDA:10,(anonymous_16)
FNDA:12,(anonymous_17)
FNDA:8,(anonymous_18)
FNDA:8,(anonymous_19)
DA:47,105
DA:48,105
DA:54,2
DA:55,24
DA:56,24
DA:57,24
DA:58,24
DA:59,24
DA:60,24
DA:64,44
DA:67,44
DA:68,44
DA:73,44
DA:75,44
DA:77,44
DA:84,44
DA:92,2
DA:93,37
DA:94,37
DA:95,37
DA:96,37
DA:100,36
DA:104,36
DA:107,2
DA:108,15
DA:109,15
DA:110,15
DA:111,15
DA:115,15
DA:119,15
DA:122,2
DA:128,13
DA:129,13
DA:130,13
DA:133,13
DA:134,13
DA:135,13
DA:136,13
DA:137,12
DA:142,12
DA:145,2
DA:153,8
DA:155,8
DA:156,8
DA:157,8
DA:158,8
DA:159,8
DA:161,8
DA:162,8
DA:163,8
DA:164,8
DA:170,2
DA:171,8
DA:172,8
DA:177,0
DA:180,0
DA:183,0
DA:186,0
DA:189,0
DA:190,0
DA:191,0
DA:192,0
DA:196,0
DA:199,2
DA:200,10
DA:201,10
DA:203,10
DA:207,10
DA:210,2
DA:211,12
DA:212,12
DA:214,12
DA:216,2
DA:217,8
DA:218,8
DA:220,8
DA:222,2
DA:224,8
DA:227,105
LF:79
LH:70
BRF:0
BRH:0
end_of_record
TN:
SF:src/OracleContract.ts
FN:35,(anonymous_2)
FN:44,(anonymous_3)
FN:64,(anonymous_4)
FNF:3
FNH:3
FNDA:7,(anonymous_2)
FNDA:4,(anonymous_3)
FNDA:7,(anonymous_4)
DA:35,3
DA:36,7
DA:37,7
DA:38,7
DA:39,7
DA:40,7
DA:41,7
DA:45,4
DA:48,4
DA:56,4
DA:64,3
DA:67,7
LF:12
LH:12
BRF:0
BRH:0
end_of_record
